19:57:39.931 INFO - Selenium build info: version: '3.0.1', revision: '1969d75'
19:57:39.931 INFO - Launching a standalone Selenium Server
2016-10-23 19:57:39.941:INFO::main: Logging initialized @122ms
19:57:39.970 INFO - Driver provider org.openqa.selenium.ie.InternetExplorerDriver registration is skipped:
 registration capabilities Capabilities [{ensureCleanSession=true, browserName=internet explorer, version=, platform=WINDOWS}] does not match the current platform LINUX
19:57:39.970 INFO - Driver provider org.openqa.selenium.edge.EdgeDriver registration is skipped:
 registration capabilities Capabilities [{browserName=MicrosoftEdge, version=, platform=WINDOWS}] does not match the current platform LINUX
19:57:39.971 INFO - Driver class not found: com.opera.core.systems.OperaDriver
19:57:39.971 INFO - Driver provider com.opera.core.systems.OperaDriver registration is skipped:
Unable to create new instances on this machine.
19:57:39.971 INFO - Driver class not found: com.opera.core.systems.OperaDriver
19:57:39.971 INFO - Driver provider com.opera.core.systems.OperaDriver is not registered
19:57:39.971 INFO - Driver provider org.openqa.selenium.safari.SafariDriver registration is skipped:
 registration capabilities Capabilities [{browserName=safari, version=, platform=MAC}] does not match the current platform LINUX
2016-10-23 19:57:39.990:INFO:osjs.Server:main: jetty-9.2.15.v20160210
2016-10-23 19:57:40.005:INFO:osjsh.ContextHandler:main: Started o.s.j.s.ServletContextHandler@100fc185{/,null,AVAILABLE}
2016-10-23 19:57:40.012:INFO:osjs.ServerConnector:main: Started ServerConnector@5c7fa833{HTTP/1.1}{0.0.0.0:4444}
2016-10-23 19:57:40.013:INFO:osjs.Server:main: Started @194ms
19:57:40.013 INFO - Selenium Server is up and running
19:57:40.148 INFO - SessionCleaner initialized with insideBrowserTimeout 0 and clientGoneTimeout 1800000 polling every 180000
19:57:40.167 INFO - Executing: [new session: Capabilities [{acceptSslCerts=true, marionette=true, name=Smoke01, browserName=chrome, javascriptEnabled=true, platform=ANY}]])
19:57:40.176 INFO - Creating a new session for Capabilities [{acceptSslCerts=true, marionette=true, name=Smoke01, browserName=chrome, javascriptEnabled=true, platform=ANY}]
Starting ChromeDriver 2.24.417424 (c5c5ea873213ee72e3d0929b47482681555340c3) on port 23626
Only local connections are allowed.
19:57:40.334 INFO - Attempting bi-dialect session, assuming Postel's Law holds true on the remote end
19:57:40.607 INFO - Detected dialect: OSS
19:57:40.618 INFO - Done: [new session: Capabilities [{acceptSslCerts=true, marionette=true, name=Smoke01, browserName=chrome, javascriptEnabled=true, platform=ANY}]]
19:57:40.639 INFO - Executing: [get: http://google.com])
19:57:40.851 INFO - Done: [get: http://google.com]
19:57:40.856 INFO - Executing: [find elements: By.cssSelector: body])
19:57:40.874 INFO - Done: [find elements: By.cssSelector: body]
19:57:40.878 INFO - Executing: [is displayed: 0 [[ChromeDriver: chrome on LINUX (1b8a7f8c9cfc11210212853426e2a69f)] -> css selector: body]])
19:57:40.886 INFO - Done: [is displayed: 0 [[ChromeDriver: chrome on LINUX (1b8a7f8c9cfc11210212853426e2a69f)] -> css selector: body]]
19:57:40.890 INFO - Executing: [find element: By.cssSelector: input])
19:57:40.900 INFO - Done: [find element: By.cssSelector: input]
19:57:40.905 INFO - Executing: [find elements: By.cssSelector: input])
19:57:40.917 INFO - Done: [find elements: By.cssSelector: input]
19:57:40.921 INFO - Executing: [find element: By.cssSelector: input[autocomplete="off"]])
19:57:40.932 INFO - Done: [find element: By.cssSelector: input[autocomplete="off"]]
19:57:40.935 INFO - Executing: [send keys: 4 [[ChromeDriver: chrome on LINUX (1b8a7f8c9cfc11210212853426e2a69f)] -> css selector: input], [a, r, s,  , t, e, c, h, n, i, c, a]])
19:57:40.963 INFO - Done: [send keys: 4 [[ChromeDriver: chrome on LINUX (1b8a7f8c9cfc11210212853426e2a69f)] -> css selector: input], [a, r, s,  , t, e, c, h, n, i, c, a]]
19:57:40.966 INFO - Executing: [take screenshot])
19:57:41.090 INFO - Done: [take screenshot]
19:57:41.101 INFO - Executing: [send keys to active: []])
19:57:41.921 INFO - Done: [send keys to active: []]
19:57:41.926 INFO - Executing: [find elements: By.cssSelector: a[href="http://arstechnica.com/"]])
19:57:41.952 INFO - Done: [find elements: By.cssSelector: a[href="http://arstechnica.com/"]]
19:57:41.954 INFO - Executing: [is displayed: 7 [[ChromeDriver: chrome on LINUX (1b8a7f8c9cfc11210212853426e2a69f)] -> css selector: a[href="http://arstechnica.com/"]]])
19:57:41.992 INFO - Done: [is displayed: 7 [[ChromeDriver: chrome on LINUX (1b8a7f8c9cfc11210212853426e2a69f)] -> css selector: a[href="http://arstechnica.com/"]]]
19:57:41.995 INFO - Executing: [take screenshot])
19:57:42.110 INFO - Done: [take screenshot]
19:57:42.122 INFO - Executing: [delete session: 24d5772c-f3e3-4032-81bc-5bd4d95dd4d9])
19:57:42.188 INFO - Done: [delete session: 24d5772c-f3e3-4032-81bc-5bd4d95dd4d9]
